[2012-07-18 14:38:44] [info]  Commons Daemon procrun (1.0.7.0 32-bit) started
[2012-07-18 14:38:44] [info]  Running 'certDB' Service...
[2012-07-18 14:38:44] [info]  Starting service...
[2012-07-18 14:38:45] [info]  Service started in 1173 ms.
[2012-07-18 14:38:45] [info]  Run service finished.
[2012-07-18 14:38:45] [info]  Commons Daemon procrun finished
[2012-07-18 14:40:18] [info]  Commons Daemon procrun (1.0.7.0 32-bit) started
[2012-07-18 14:40:18] [info]  Running 'certDB' Service...
[2012-07-18 14:40:18] [info]  Starting service...
[2012-07-18 14:40:19] [info]  Service started in 1139 ms.
[2012-07-18 14:40:19] [info]  Run service finished.
[2012-07-18 14:40:19] [info]  Commons Daemon procrun finished
[2012-07-18 14:42:49] [info]  Commons Daemon procrun (1.0.7.0 32-bit) started
[2012-07-18 14:42:49] [info]  Running 'certDB' Service...
[2012-07-18 14:42:49] [info]  Starting service...
[2012-07-18 14:42:50] [info]  Service started in 1130 ms.
[2012-07-18 14:42:50] [info]  Run service finished.
[2012-07-18 14:42:50] [info]  Commons Daemon procrun finished
[2012-07-18 14:43:33] [info]  Commons Daemon procrun (1.0.7.0 32-bit) started
[2012-07-18 14:43:33] [info]  Running 'certDB' Service...
[2012-07-18 14:43:33] [info]  Starting service...
[2012-07-18 14:43:35] [info]  Service started in 2392 ms.
[2012-07-18 14:54:41] [info]  Stopping service...
[2012-07-18 14:55:17] [info]  Console SHUTDOWN event signaled
[2012-07-18 14:55:17] [info]  Stopping service...
[2012-07-18 14:55:30] [info]  Service stopped.
[2012-07-18 14:55:30] [info]  Run service finished.
[2012-07-18 14:55:30] [info]  Service stopped.
[2012-07-18 14:55:30] [info]  Commons Daemon procrun finished
[2012-07-18 15:00:06] [info]  Commons Daemon procrun (1.0.7.0 32-bit) started
[2012-07-18 15:00:06] [info]  Running 'certDB' Service...
[2012-07-18 15:00:06] [info]  Starting service...
[2012-07-18 15:00:12] [info]  Service started in 6364 ms.
